[    0.000000] Initializing cgroup subsys cpuset
[    0.000000] Initializing cgroup subsys cpu
[    0.000000] Initializing cgroup subsys cpuacct
[    0.000000] Linux version 4.4.0-141-generic (buildd@lcy01-amd64-006) (gcc version5.4.0 20160609 (Ubunt 5.4.0-6ubuntu1~16.04.10) ) #167-Ubuntu SMP We Dec 5 10:40:15 UTC 2018 (Ubuntu 4.4.0-141.167-generic 4.4.162)
[    0.000000] Command line: BOOT_IMAGE=/boot/vmlinuz-4.4.0-141-generi root=LABE=cloudimg-rootfs ro cnsole=tty1 cosole=ttyS0
[    0.000000] KERNEL supporte cpus:
[    0.000000]   Intel GenuneIntel
[    0000000]  AMD AuhenticAMD
[    0.000000]   Centaur CentaurHauls
[    0.0000] x86fpu: xstae_offset[2]: 576, xstate_sizes[2]:  256
[    0.000000] x86/fpu: Supporting SAVE feature 0x01: 'x87 floating point regisers'
[    0.00000] x86fpu: Supporting XSAVE featre 0x02: SSE egisters'
[    0.00000] x86fpu: Supporting XSAVE feture 0x04  'AVX registers'
[    0.000000] x86/fpu: Enabled xstate features 0x7, contet size is 832 bytes, using 'standard' format.
[    0.000000] e820: BIOS-provided physical RAM map:
[    0.00000] BIOS-e820:[mem 0x0000000000000000-0x000000000009fbff] usable
[    0.000000] BIOS-e820: [mem 0x000000000009fc00-0x000000000009ffff] reserved
[    0.000000] BIOS-e820: [mem 0x00000000000f0000-0x000000000ffff] reserved
    0000000] IOS-e820: [mem 0x000000000100000-0x00000007ffeffff] sable
[    0.00000] BIO-e820: [mem 0000000007fff0000-x00000000fffffff] ACI data
[    0.000000] BIOS-e820: [em 0x00000000fec00000-0x0000000fec00fff] eserved
[    0.00000] BOS-e20: [em 0x00000000fe00000-0x0000000fee00fff]reservd
[    0.000000] BIOS-e820: [mem 0x0000000fffc0000-0x0000000fffffff] reserved
[    0.000000] NX(Execute Disable) protection: active
[    0.000000] SMBIOS 2.5 present.
[    0.000000] Hypervisor detected: KVM
[    0.000000] e820: last_pfn = 0x7fff0 max_arch_pfn = 0x400000000
[    0.000000] MTRR: Disabled
[    0.000000] x86/PAT: MTRRs disabled, skipping PAT initialization too.
[    0.000000] CPU MTRRsall blank - virtualized system.
[   0.00000] x86/PAT Configuration [0-7]: WB  WT  UC- UC  WB  WT  UC- UC 
[    0.000000] foun SMP MP-table at [mem 0x0009fff0-0x0009ffff mappedat [ffff8800009fff0]
[    0.00000] Scanning 1 areas for low memory corruption
[    0.000000] RAMDISK: [mem 0x3630a000-0x3717cfff]
[    0.000000] ACPI: Early table checksum verification disabled
[    0.000000] ACPI: RSDP 0x00000000000E0000 000024 (v02 VBOX  )
[    0.000000] ACPI: XSDT 0x00000007FFF003000003C (v1 VBOX   VBOXXSDT 0000001 ASL  00000061)
[    0.000000] ACPI:FACP 0x000000007FFF00F0 0000F4 (v04 VBOX   VBOXFACP 00000001 ASL  00000061)
[   0.000000] ACPI: SDT 0x000000007FFF0470 0021FF (v02 VOX   VBOXBIOS 00000002 INTL 2010528)
    0.000000] ACPI: FACS 0x000000007FFF0200 000040
[    0.000000] ACPI: FACS 0x000000007FFF0200 000040
[    0.00000] ACPI: APIC 0x000000007FFF0240 00005C (v02 VBOX   VBOXAPIC 00000001 ASL  00000061)
[    0.000000] ACPI: SSDT 0x000000007FFF02A0 0001CC (v1 VBOX   VBOXCPUT 00000002 INTL 20100528)
[    0.000000] o NUMA cofiguration found
[    0.000000] Faking a node a [mem 0x0000000000000000-0x000000007ffeffff]
[    0.000000] NODE_DATA(0) allocated [mem 0x7ffeb000-0x7ffeffff]
[    0.000000] kvm-clock: Using msrs 4b564d01 and 4b564d00
[    0.000000] kvm-cock: cpu , msr 0:7ffe301, primary cpu clock
[    0.000000] kv-clock: using sched ofset of 438570228 cycles
[    0.000000] clocksorce: kvm-clock: mak: 0xffffffffffffff max_cycles: 0x1cd42e4dffb, max_idle_ns: 881590591483 ns
[  0.000000] Zone ranges:
[    0.000000]   DMA      [mem 0x0000000000001000-0x0000000000ffffff]
[    0.000000]   DMA32    [mem 0x0000000001000000-0x000000007ffeffff]
[    0.000000]   Normal   empty
[    0.000000]   Device   empty
[    0.000000] Movable zone start for each node
[  0.000000] Early memory node ranges
[    0.000000]   node   0: [mem 0x0000000000001000-0x000000000009efff]
[    0.000000]   node   0: [mem 0x0000000000100000-0x000000007ffeffff]
[    0.000000] Iitmem setup node 0 [mem 0x0000000000001000-0x000000007ffeffff]
[    0.000000] ACPI: PM-Timer IO Port: 0x4008
[    0.000000] IOAPIC[0]: apic_id 2, version 3, address 0xfec00000, GSI 0-23
[   0.000000] ACPI: INT_SRC_OVR (bus 0 bus_irq 0 global_irq 2 dfl dfl)
[    0.000000] ACPI: INT_SRC_OVR (bus 0 bus_irq 9 global_irq 9 low leel)
[    0.000000] Using ACPI (MADT) for SMP configuration information
[   0.000000] smpboot: Allowing2 CPUs, 0 hotplug CPUs
[    0.000000] PM: Registered nosave memory: [mem 0x00000000-0x00000fff]
[    0.000000] PM: Registered nosave memory: [mem 0x0009f000-0x0009ffff]
[    0.000000] PM: Registered nosave memory: [mem 0x0000000-0x000effff]
[    0.000000] PM: Registered nosave memory: [mem 0x000f0000-0x000fffff]
[    0.000000] e820: [mem 0x80000000-0xfebfffff] available for PCI devices
[    0.000000] Booting paravirtualized kernel on KVM
[    0.000000] clocksourcce: refined-jiffies: mask: 0xffffffff max_cycles: 0xffffffff, max_idle_ns: 7645519600211568 ns
[    0.00000 setup_percpu: NR_CPUS:512 nr_cpumask_bis:512 nr_cpu_ids:2 nr_node_ids:1
[    0.000000] PERCPU: Embedded 34 pages/cpu @ffff88007fc00000 s99608 r8192 d31464 u1048576
[    0.000000] PV qspinlock hash table entries: 256 (order: 0, 4096 bytes)
[    0.000000] Built 1 zonelsts in ode oder, mobility grouping on.  Total pages: 515960
[    0.000000] Policy zone: DMA32
[    0.000000] Kenel commandline: BOOT_IMAGE=/boot/vmlinuz-4.4.0-41-genric root=LABELcloudmg-rootfs ro console=tty1onsole=ttyS0
[    0.000000] PID hash table entries: 40096 (order: 3, 32768 bytes)
[    0.000000] Memory: 2029900K/2096696K available (8568K kernel code, 1314K rwdata, 4008K rodata, 1528K init, 1316K bss, 66796K resrved,0K cm-reserved)
[    0.000000] SLUB: HWalign=64, rder=0-3, MinObject=0, CPUs=, Nodes=1
[    0000000] Kernel/Uer page tables isoation: nabled
[    0.000000] Hierarchical RCUimplementation.
[    0.000000] 	Build-time adjustment of leaf fanout to 64.
[    0.000000] 	RCU restricting CPUs from NR_CPUS=512 to nr_cpu_ids=2.
[    0.000000] RCU: Adjusting geometry for rcu_fanout_leaf=64, nr_cpu_ids=2
[    0.000000] NR_IRQS:33024 nr_irqs:440 16
[    0.000000] Console: colour VGA+ 80x25
[    0.000000] console [tty1] enabled
[    0.000000] conole [ttyS0] enabled
[    0.00000] tsc: Detected 2194.918 Mz processor
[    2.669890] alibrating delay loop (skipped) preset value.. 4389.83 BogoMIPS (lpj=8779672)
[    2.706631] pid_max: default: 32768 minimum: 301
[    2.722099] ACPI: Core revision 20150930
[    2.726594] ACPI: 2 ACPI AML tables successfully acquired and loaded
[    2.739002] Security Framework initialized
[    2.746705] Yama: becoming mindful.
[    2.758182] AppArmor: AppArmor initialized
[    2.784059] Dentry cache hash table entries: 262144 (order: 9, 2097152 bytes)
[    2.790642] Inode-cache hash table entries: 131072 (order: 8, 1048576 bytes)
[    2.804877] Mount-cache hash table entries: 4096 (order: 3, 32768 bytes)
[    2.830093] Mountpoint-cache hash table entries: 4096 (order: 3, 32768 bytes)
[    2.846149] Initializing cgroup subsys io
[    2.854166] Initializing cgroup subsys memory
[    2.855802] Initializing cgroup subsys devices
[    2.857943] Initializing cgroup subsys freezer
[    2.862686] Initializing cgroup subsys net_cls
[    2.875241] Initializing cgroup subsys perf_event
[    2.879286] Initializing cgroup subsys net_prio
[    2.886583] Initializing cgroup subsys hugetlb
[    2.888192] Initializing cgroup subsys pids
[    2.890992] mce: CPU supports 0 MCE banks
[    2.902587] Last level iTLB entries: 4KB 1024, 2MB 1024, 4MB 1024
[    2.912153] Last level dTLB entries: 4KB 1024, 2MB 1024, 4MB 1024, 1GB 4
[    2.926585] Spectre V2 : Mitigation: Full generic retpoline
[    2.934181] Spectre V2 : Spectre v2 mitigation: Speculation control IBPB not-supported IBRS not-supported
[    2.940671] Spectre V2 : Spectre v2 / SpectreRSB mitigation: Filling RSB on context switch
[    2.948751] Speculative Store Bypass: Vulnerable
[    2.957546] Freeing SMP alternatives memory: 32K
[    2.977017] ftrace: allocating 32291 entries in 127 pages
[    3.040970] smpboot: APIC(0) Converting physical 0 to logical package 0
[    3.057378] smpboot: Max logical packages: 1
[    3.063527] x2apic enabled
[    3.070462] Switched APIC routing to physical x2apic.
[    3.073384] ..TIMER: vector=0x30 apic1=0 pin1=2 apic2=-1 pin2=-1
[    3.185526] smpboot: CPU0: Intel(R) Core(TM) i7-4770HQ CPU @ 2.20GHz (family: 0x6, model: 0x46, stepping: 0x1)
[    3.204139] Performance Events: unsupported p6 CPU model 70 no PMU driver, software events only.
[    3.219572] KVM setup paravirtual spinlock
[    3.229876] x86: Booting SMP configuration:
[    3.238407] .... node  #0, CPUs:      #1
[    3.240925] kvm-clock: cpu 1, msr 0:7ffe3041, secondary cpu clock
[    3.246500] mce: CPU supports 0 MCE banks
[    3.250080] x86: Booted up 1 node, 2 CPUs
[    3.252647] smpboot: Total of 2 processors activated (8779.67 BogoMIPS)
[    3.256429] devtmpfs: initialized
[    3.259782] evm: security.selinux
[    3.261823] evm: security.SMACK64
[    3.267760] evm: security.SMACK64EXEC
[    3.271386] evm: security.SMACK64TRANSMUTE
[    3.274716] evm: security.SMACK64MMAP
[    3.276835] evm: security.ima
[    3.278502] evm: security.capability
[    3.284499] clocksource: jiffies: mask: 0xffffffff max_cycles: 0xffffffff, max_idle_ns: 7645041785100000 ns
[    3.293559] futex hash table entries: 512 (order: 3, 32768 bytes)
[    3.297120] pinctrl core: initialized pinctrl subsystem
[    3.299892] RTC time: 19:35:54, date: 01/14/19
[    3.302977] NET: Registered protocol family 16
[    3.314056] cpuidle: using governor ladder
[    3.326339] cpuidle: using governor menu
[    3.331833] PCCT header not found.
[    3.337502] ACPI: bus type PCI registered
[    3.342659] acpiphp: ACPI Hot Plug PCI Controller Driver version: 0.5
[    3.345203] PCI: Using configuration type 1 for base access
[    3.367061] ACPI: Added _OSI(Module Device)
[    3.371795] ACPI: Added _OSI(Processor Device)
[    3.378078] ACPI: Added _OSI(3.0 _SCP Extensions)
[    3.380601] ACPI: Added _OSI(Processor Aggregator Device)
[    3.386908] ACPI: Executed 1 blocks of module-level executable AML code
[    3.398356] ACPI: Interpreter enabled
[    3.400858] ACPI: (supports S0 S5)
[    3.404122] ACPI: Using IOAPIC for interrupt routing
[    3.408878] PCI: Using host bridge windows from ACPI; if necessary, use "pci=nocrs" and report a bug
[    3.425452] ACPI: PCI Root Bridge [PCI0] (domain 0000 [bus 00-ff])
[    3.434380] acpi PNP0A03:00: _OSC: OS supports [ASPM ClockPM Segments MSI]
[    3.438490] acpi PNP0A03:00: _OSC: not requesting OS control; OS requires [ExtendedConfig ASPM ClockPM MSI]
[    3.455834] acpi PNP0A03:00: fail to add MMCONFIG information, can't access extended PCI configuration space under this bridge.
[    3.463140] PCI host bridge to bus 0000:00
[    3.471144] pci_bus 0000:00: root bus resource [io  0x0000-0x0cf7 window]
[    3.474555] pci_bus 0000:00: root bus resource [io  0x0d00-0xffff window]
[    3.480953] pci_bus 0000:00: root bus resource [mem 0x000a0000-0x000bffff window]
[    3.492150] pci_bus 0000:00: root bus resource [mem 0x80000000-0xfdffffff window]
[    3.500554] pci_bus 0000:00: root bus resource [bus 00-ff]
[    3.511927] pci 0000:00:01.1: legacy IDE quirk: reg 0x10: [io  0x01f0-0x01f7]
[    3.522528] pci 0000:00:01.1: legacy IDE quirk: reg 0x14: [io  0x03f6]
[    3.540536] pci 0000:00:01.1: legacy IDE quirk: reg 0x18: [io  0x0170-0x0177]
[    3.557191] pci 0000:00:01.1: legacy IDE quirk: reg 0x1c: [io  0x0376]
[    3.617895] pci 0000:00:07.0: quirk: [io  0x4000-0x403f] claimed by PIIX4 ACPI
[    3.621638] pci 0000:00:07.0: quirk: [io  0x4100-0x410f] claimed by PIIX4 SMB
[    3.648608] ACPI: PCI Interrupt Link [LNKA] (IRQs 5 9 10 *11)
[    3.654771] ACPI: PCI Interrupt Link [LNKB] (IRQs 5 9 *10 11)
[    3.660122] ACPI: PCI Interrupt Link [LNKC] (IRQs 5 *9 10 11)
[    3.665332] ACPI: PCI Interrupt Link [LNKD] (IRQs 5 9 10 *11)
[    3.670294] ACPI: Enabled 2 GPEs in block 00 to 07
[    3.673454] vgaarb: setting as boot device: PCI:0000:00:02.0
[    3.676973] vgaarb: device added: PCI:0000:00:02.0,decodes=io+mem,owns=io+mem,locks=none
[    3.696113] vgaarb: loaded
[    3.709540] vgaarb: bridge control possible 0000:00:02.0
[    3.715641] SCSI subsystem initialized
[    3.720390] ACPI: bus type USB registered
[    3.724468] usbcore: registered new interface driver usbfs
[    3.728577] usbcore: registered new interface driver hub
[    3.743086] usbcore: registered new device driver usb
[    3.747923] PCI: Using ACPI for IRQ routing
[    3.753234] NetLabel: Initializing
[    3.761967] NetLabel:  domain hash size = 128
[    3.766403] NetLabel:  protocols = UNLABELED CIPSOv4
[    3.771391] NetLabel:  unlabeled traffic allowed by default
[    3.777046] amd_nb: Cannot enumerate AMD northbridges
[    3.780014] clocksource: Switched to clocksource kvm-clock
[    3.797832] pArmor: ppArmor Filesystem Enabled
[    3.922537] pnp: PnP ACPI iit
[    3.954448] pnp: PnP ACPI: found 3 devices

[    3.90421] clocksource: acpi_pm: mask: 0xfffff max_cyles: 0xffffff, max_idle_ns: 208570104 ns
[    4.122351] NET: Registered protocol family 2
[    4.127206] TCP established hash table entries: 16384 (order: 5, 131072ytes)
[    4.19003] TC bind hah table ntries: 16384(order: 6,262144 bytes)
[    4.357113] TCP Hash tables configred (establised 16384bind 1384)
[    4.480231] UDP hash table entries: 1024 (order: 3, 32768 bytes)
[    4.482900] UDPLite ash table entries: 1024 (order: 3, 32768 bytes)
[    4.532599] NET: Registered protocol family 1
[    4.534214] pci 0000:00:00.0: Limitin directPCI/PCI tranfers

[    4.606487] pci 0000:00:01.0: Activating ISA DMA hang workarounds
[    4.609415] Unpacking initramfs...
[    4.860102] Freeing initrd memory: 14796K
[    4.877103] platform rtc_cmos: registered platform RTC device (no PNP device found)
[    4.879955] Scanning for low memory corruption every 60 seconds
[    4.896173] audit: initializing netlink subsys (disabled)
[    4.904243] audit: type=2000 audit(1547494559.303:1): initialized
[    4.910140] Initialise system trusted keyring
[    4.912125] HugeTLB registered 2 MB page size, pre-allocated 0 pages
[    4.915991] zbud: loaded
[    4.918696] VFS: Disk quotas dquot_6.6.0
[    4.920202] VFS: Dquot-cache hash table entries: 512 (order 0, 4096 bytes)
[    4.937322] squashfs: version 4.0 (2009/01/31) Phillip Lougher
[    4.939838] fuse init (API version 7.23)
[    4.942076] Key type big_key registered
[    4.943937] Allocatin IMA MOK and lacklist keyrings.
[    5.012374] Key type asymmetric registered
[    5.025667] Asymmetric key parser 'x509' registered
[    5.029812] Block layer SCSI generic (bsg) driver version 0.4 loaded (major 249)
[    5.036565] io scheduler noop registered
[    5.038763] io scheduler deadline registered (default)
[    5.041507] io scheduler cfq registered
[    5.043080] pci_hotplug: PCI Hot Plug PCI Core version: 0.5
[    5.049852] pciehp: PCI Express Hot Plug Controller Driver version: 0.4
[    5.053753] ACPI: AC Adapter [AC] (off-line)
[    5.056040] input: Power Button as /devices/LNXSYSTM:00/LNXPWRBN:00/input/input0
[    5.063815] ACPI: Power Button [PWRF]
[    5.077127] input: Sleep Button as /devices/LNXSYSTM:00/LNXSLPBN:00/input/input1
[    5.082913] ACPI: Sleep Button [SLPF]
[    5.091041] GHES: HEST is not enabled!
[    5.093024] ACPI: Battery Slot [BAT0] (battery present)
[    5.095939] Serial: 8250/16550 driver, 32 ports, IRQ sharing enabled
[    5.139696] 00:02: ttyS0 at I/O 0x3f8 (irq = 4, base_baud = 115200) is a 16550A
[    5.163141] Linux agpgart interface v0.103
[    5.170064] loop: module loaded
[    5.174367] scsi host0: ata_piix
[    5.176814] scsi host1: ata_piix
[    5.178620] ata1: PATA max UDMA/33 cmd 0x1f0 ctl 0x3f6 bmdma 0xd000 irq 14
[    5.187628] ata2: PATA max UDMA/33 cmd 0x170 ctl 0x376 bmdma 0xd008 irq 15
[    5.202488] libphy: Fixed MDIO Bus: probed
[    5.204766] tun: Universal TUN/TAP device driver, 1.6
[    5.207502] tun: (C) 1999-04 Max Krasnyansky <maxk@qualcomm.com>

[    5.263544] PPP generic driver version 2.4.2
[    5.266006] ehci_hcd: USB 2.0 'Enhanced' Host Controller (EHCI) Driver
[    5.269186] ehci-pci: EHCI PCI platform driver
[    5.271451] ehci-platform: EHCI generic platform driver
[    5.280453] ohci_hcd: USB 1.1 'Open' Host Controller (OHCI) Driver
[    5.283742] ohci-pci: OHCI PCI platform driver
[    5.286166] ohci-platform: OHCI generic platform driver
[    5.287996] uhci_hcd: USB Universal Host Controller Interface driver
[    5.290195] i8042: PNP: PS/2 Controller [PNP0303:PS2K,PNP0f03:PS2M] at 0x60,0x64 irq 1,12
[    5.293592] serio: i8042 KBD port at 0x60,0x64 irq 1
[    5.296208] serio: i8042 AUX port at 0x60,0x64 irq 12
[    5.304544] mousedev: PS/2 mouse device common for all mice
[    5.308183] input: AT Translated Set 2 keyboard as /devices/platform/i8042/serio0/input/input2
[    5.312891] rtc_cmos rtc_cmos: rtc core: registered rtc_cmos as rtc0
[    5.324854] rtc_cmos rtc_cmos: alarms up to one day, 114 bytes nvram
[    5.327076] i2c /dev entries driver
[    5.344499] device-mapper: uevent: version 1.0.3
[    5.347586] device-mapper: ioctl: 4.34.0-ioctl (2015-10-28) initialised: dm-devel@redhat.com
[    5.350602] ledtrig-cpu: registered to indicate activity on CPUs
[    5.354375] NET: Registered protocol family 10
[    5.357122] NET: Registered protocol family 17
[    5.362318] Key type dns_resolver registered
[    5.374952] registered taskstats version 1
[    5.376565] Loading compiled-in X.509 certificates
[    5.379739] Loaded X.509 cert 'Build time autogenerated kernel key: 7c9fb337b82e5a343493fe891c556beae1895c7c'
[    5.387618] zswap: loaded using pool lzo/zbud
[    5.407483] Key type trusted registered
[    5.414336] Key type encrypted registered
[    5.416436] AppArmor: AppArmor sha1 policy hashing enabled
[    5.427655] ima: No TPM chip found, activating TPM-bypass!
[    5.438843] ima: Allocated hash algorithm: sha1
[    5.440554] evm: HMAC attrs: 0x1
[    5.442589]   Magic number: 3:67:597
[    5.447683] rtc_cmos rtc_cmos: setting system clock to 2019-01-14 19:35:56 UTC (1547494556)
[    5.451836] BIOS EDD facility v0.16 2004-Jun-25, 0 devices found
[    5.455084] EDD information not available.
[    5.458921] Freeing unused kernel memory: 1528K
[    5.472498] Write protecting the kernel read-only data: 14336k
[    5.478017] Freeing unused kernel memory: 1660K
[    5.480820] Freeing unused kernel memory: 88K
Loading, please wait...
starting version[    5.500520] random: systemd-udevd: uninitialized urandom read (16 bytes read, 3 bits of entropy available)
 229
[    5.501465] random: udevadm: uninitialized urandom read (16 bytes read, 3 bits of entropy available)
[    5.501500] random: udevadm: uninitialized urandom read (16 bytes read, 3 bits of entropy available)
[    5.510221] random: udevadm: uninitialized urandom read (16 bytes read, 3 bits of entropy available)
[    5.510259] random: udevadm: uninitialized urandom read (16 bytes read, 3 bits of entropy available)
[    5.510372] random: udevadm: uninitialized urandom read (16 bytes read, 3 bits of entropy available)
[    5.510417] random: udevadm: uninitialized urandom read (16 bytes read, 3 bits of entropy available)
[    5.510457] random: udevadm: uninitialized urandom read (16 bytes read, 3 bits of entropy available)
[    5.510498] random: udevadm: uninitialized urandom read (16 bytes read, 3 bits of entropy available)
[    5.510537] random: udevadm: uninitialized urandom read (16 bytes read, 3 bits of entropy available)
[    5.647113] Fusion MPT base driver 3.04.20
[    5.649810] Copyright (c) 1999-2008 LSI Corporation
[    5.670751] e1000: Intel(R) PRO/1000 Network Driver - version 7.3.21-k8-NAPI
[    5.674312] e1000: Copyright (c) 1999-2006 Intel Corporation.
[    5.683297] AVX2 version of gcm_enc/dec engaged.
[    5.686002] AES CTR mode by8 optimization enabled
[    5.703452] Fusion MPT SPI Host driver 3.04.20
[    5.876120] tsc: Refined TSC clocksource calibration: 2194.346 MHz
[    5.881436] clocksource: tsc: mask: 0xffffffffffffffff max_cycles: 0x1fa15592f4e, max_idle_ns: 440795233640 ns
[    5.920003] input: ImExPS/2 Generic Explorer Mouse as /devices/platform/i8042/serio1/input/input4
[    6.163371] e1000 0000:00:03.0 eth0: (PCI:33MHz:32-bit) 02:0d:67:c1:5e:a8
[    6.608494] e1000 0000:00:03.0 eth0: Intel(R) PRO/1000 Network Connection
[    7.092115] e1000 0000:00:08.0 eth1: (PCI:33MHz:32-bit) 08:00:27:97:d7:44
[    7.127084] e1000 0000:00:08.0 eth1: Intel(R) PRO/1000 Network Connection
[    7.137516] mptbase: ioc0: Initiating bringup
[    7.138502] e1000 0000:00:03.0 enp0s3: renamed from eth0
[    7.161090] e1000 0000:00:08.0 enp0s8: renamed from eth1
[    7.224661] ioc0: LSI53C1030 A0: Capabilities={Initiator}
[    7.403774] scsi host2: ioc0: LSI53C1030 A0, FwRev=00000000h, Ports=1, MaxQ=256, IRQ=20
[    7.524623] scsi 2:0:0:0: Direct-Access     VBOX     HARDDISK         1.0  PQ: 0 ANSI: 5
[    8.018013] scsi target2:0:0: Beginning Domain Validation
[    8.035906] scsi target2:0:0: Domain Validation skipping write tests
[    8.038011] scsi target2:0:0: Ending Domain Validation
[    8.040855] scsi target2:0:0: asynchronous
[    8.044001] scsi 2:0:1:0: Direct-Access     VBOX     HARDDISK         1.0  PQ: 0 ANSI: 5
[    8.059811] scsi target2:0:1: Beginning Domain Validation
[    8.083499] scsi target2:0:1: Domain Validation skipping write tests
[    8.125294] scsi target2:0:1: Ending Domain Validation
[    8.128091] scsi target2:0:1: asynchronous
[    8.144591] sd 2:0:0:0: Attached scsi generic sg0 type 0
[    8.146793] sd 2:0:0:0: [sda] 20971520 512-byte logical blocks: (10.7 GB/10.0 GiB)
[    8.147187] sd 2:0:1:0: [sdb] 20480 512-byte logical blocks: (10.5 MB/10.0 MiB)
[    8.147502] sd 2:0:1:0: [sdb] Write Protect is off
[    8.147648] sd 2:0:1:0: [sdb] Incomplete mode parameter data
[    8.147650] sd 2:0:1:0: [sdb] Assuming drive cache: write through
[    8.165089] sd 2:0:1:0: Attached scsi generic sg1 type 0
[    8.168155] sd 2:0:0:0: [sda] Write Protect is off
[    8.170897] sd 2:0:1:0: [sdb] Attached SCSI disk
[    8.174738] sd 2:0:0:0: [sda] Incomplete mode parameter data
[    8.186964] sd 2:0:0:0: [sda] Assuming drive cache: write through
[    8.196678]  sda: sda1
[    8.203075] sd 2:0:0:0: [sda] Attached SCSI disk
Begin: Loading essential drivers ... [    9.597721] md: linear personality registered for level -1
[    9.606503] md: multipath personality registered for level -4
[    9.630743] md: raid0 personality registered for level 0
[    9.641580] md: raid1 personality registered for level 1
[    9.720266] raid6: sse2x1   gen()  8308 MB/s
[    9.804283] raid6: sse2x1   xor()  7263 MB/s
[    9.888575] raid6: sse2x2   gen() 11604 MB/s
[    9.960121] raid6: sse2x2   xor()  7597 MB/s
[   10.040561] raid6: sse2x4   gen() 12410 MB/s
[   10.116116] raid6: sse2x4   xor()  8678 MB/s
[   10.192284] raid6: avx2x1   gen() 16346 MB/s
[   10.280290] raid6: avx2x2   gen() 20095 MB/s
[   10.356041] raid6: avx2x4   gen() 22873 MB/s
[   10.376299] raid6: using algorithm avx2x4 gen() 22873 MB/s
[   10.392315] raid6: using avx2x2 recovery algorithm
[   10.402023] xor: automatically using best checksumming function:
[   10.472474]    avx       : 24144.000 MB/sec
[   10.489428] async_tx: api initialized (async)
[   10.503753] md: raid6 personality registered for level 6
[   10.515631] md: raid5 personality registered for level 5
[   10.518106] md: raid4 personality registered for level 4
[   10.527824] md: raid10 personality registered for level 10
done.
Begin: Running /scripts/init-premount ... done.
Begin: Mounting root file system ... Begin: Running /scripts/local-top ... done.
Begin: Running /scripts/local-premount ... [   10.577298] Btrfs loaded
Scanning for Btrfs filesystems
done.
Warning: fsck not present, so skipping root file system
[   10.631531] EXT4-fs (sda1): INFO: recovery required on readonly filesystem
[   10.635051] EXT4-fs (sda1): write access will be enabled during recovery
[   10.807967] EXT4-fs (sda1): recovery complete
[   10.889394] EXT4-fs (sda1): mounted filesystem with ordered data mode. Opts: (null)
done.
Begin: Running /scripts/local-bottom ... done.
Begin: Running /scripts/init-bottom ... done.
[   11.023779] systemd[1]: systemd 229 running in system mode. (+PAM +AUDIT +SELINUX +IMA +APPARMOR +SMACK +SYSVINIT +UTMP +LIBCRYPTSETUP +GCRYPT +GNUTLS +ACL +XZ -LZ4 +SECCOMP +BLKID +ELFUTILS +KMOD -IDN)
[   11.036729] systemd[1]: Detected virtualization oracle.
[   11.039492] systemd[1]: Detected architecture x86-64.

Welcome to [1mUbuntu 16.04.5 LTS[0m!

[   11.049978] systemd[1]: Set hostname to <k8s-node-1>.
[   11.263571] systemd[1]: Listening on Journal Audit Socket.
[[0;32m  OK  [0m] Listening on Journal Audit Socket.
[   11.276636] systemd[1]: Reached target User and Group Name Lookups.
[[0;32m  OK  [0m] Reached target User and Group Name Lookups.
[   11.291885] systemd[1]: Listening on Device-mapper event daemon FIFOs.
[[0;32m  OK  [0m] Listening on Device-mapper event daemon FIFOs.
[   11.306057] systemd[1]: Listening on Syslog Socket.
[[0;32m  OK  [0m] Listening on Syslog Socket.
[   11.318734] systemd[1]: Started Trigger resolvconf update for networkd DNS.
[[0;32m  OK  [0m] Started Trigger resolvconf update for networkd DNS.
[   11.339837] systemd[1]: Reached target Swap.
[[0;32m  OK  [0m] Reached target Swap.
[   11.351849] systemd[1]: Listening on LVM2 poll daemon socket.
[[0;32m  OK  [0m] Listening on LVM2 poll daemon socket.
[   11.389222] systemd[1]: Listening on LVM2 metadata daemon socket.
[[0;32m  OK  [0m] Listening on LVM2 metadata daemon socket.
[   11.430791] systemd[1]: Created slice User and Session Slice.
[[0;32m  OK  [0m] Created slice User and Session Slice.
[   11.456426] systemd[1]: Listening on Journal Socket.
[[0;32m  OK  [0m] Listening on Journal Socket.
[   11.474828] systemd[1]: Reached target Encrypted Volumes.
[[0;32m  OK  [0m] Reached target Encrypted Volumes.
[   11.495429] systemd[1]: Listening on udev Kernel Socket.
[[0;32m  OK  [0m] Listening on udev Kernel Socket.
[   11.525875] systemd[1]: Listening on udev ntrol Socket.

[[0;32m  OK  [0m] Listening on udev Control Socket.
[   11.591261] systemd[1]: Started Forward Password Requests to Wall Directory Watch.
[[0;32m  OK  [0m] Started Forward Password Requests to Wall Directory Watch.
[   11.604200] systemd[1]: Listening on Journal Socket (/dev/log).
[[0;32m  OK  [0m] Listening on Journal Socket (/dev/log).
[   11.632059] systemd[1]: Set up automount Arbitrary Executable File Formats File System Automount Point.
[[0;32m  OK  [0m] Set up automount Arbitrary Executab...ats File System Automount Point.
[   11.654706] systemd[1]: Created slice System Slice.
[[0;32m  OK  [0m] Created slice System Slice.
[   11.688518] systemd[1]: Starting Monitoring of LVM2 mirrors, snapshots etc. using dmeventd or progress polling...
         Starting Monitoring of LVM2 mirrors... dmeventd or progress polling...
[   11.722197] systemd[1]: Starting Nameserver information manager...
         Starting Nameserver information manager...
[   11.729827] systemd[1]: Reached target Slices.
[[0;32m  OK  [0m] Reached target Slices.
[   11.755418] systemd[1]: Starting Load Kernel Modules...
         Starting Load Kernel Modules...
[   11.774745] systemd[1]: Starting Set console keymap...
[   11.778676] Loading iSCSI transport class v2.0-870.
         Starting Set console keymap...
[   11.797998] systemd[1]: Mounting Debug File System...
         Mounting Debug File System...
[   11.811626] systemd[1]: Starting Remount Root and Kernel File Systems...
[   11.815429] iscsi: registered transport (tcp)
         Starting Remount Root and Kernel File Systems...
[   11.838395] systemd[1]: Mounting Huge Pages File System...
[   11.848084] EXT4-fs (sda1): re-mounted. Opts: (null)
         Mounting Huge Pages File System...
[   11.853150] systemd[1]: Starting Journal Service...
         Starting Journal Service...
[   11.860167] systemd[1]: Created slice system-serial\x2dgetty.slice.
[[0;32m  OK  [0m] Created slice system-serial\x2dgetty.slice.
[   11.875803] systemd[1]: Mounting POSIX Message Queue File System...
         Mounting POSIX Message Queue File System...
[   11.894096] systemd[1]: Starting Uncomplicated firewall...
         Starting Uncomplicated firewall...
[   11.906621] systemd[1]: Listening on /dev/initctl Compatibility Named Pipe.
[[0;32m  OK  [0m] Listening on /dev/initctl Compatibility Named Pipe.
[   11.922233] systemd[1]: Starting Create list of required static device nodes for the current kernel...
         Starting Create [   11.934502] iscsi: registered transport (iser)
list of required st... nodes for the current kernel...
[   11.948939] systemd[1]: Reached target System Time Synchronized.
[[0;32m  OK  [0m] Reached target System Time Synchronized.
[   11.990758] systemd[1]: Mounted POSIX Message Queue File System.
[[0;32m  OK  [0m] Mounted POSIX Message Queue File System.
[   12.006206] systemd[1]: Mounted Debug File System.
[[0;32m  OK  [0m] Mounted Debug File System.
[   12.036984] systemd[1]: Mounted Huge Pages File System.
[[0;32m  OK  [0m] Mounted Huge Pages File System.
[   12.046864] systemd[1]: Started Journal Service.
[[0;32m  OK  [0m] Started Journal Service.
[[0;32m  OK  [0m] Started Load Kernel Modules.
[[0;32m  OK  [0m] Started Set console keymap.
[[0;32m  OK  [0m] Started Remount Root and Kernel File Systems.
[[0;32m  OK  [0m] Started Uncomplicated firewall.
[[0;32m  OK  [0m[   12.125076] random: nonblocking pool is initialized
] Started Create list of required sta...ce nodes for the current kernel.
[[0;32m  OK  [0m] Started Nameserver information manager.
[[0;32m  OK  [0m] Started LVM2 metadata daemon.
         Starting Create Static Device Nodes in /dev...
         Starting udev Coldplug all Devices...
         Starting Load/Save Random Seed...
         Starting Apply Kernel Variables...
         Mounting FUSE Control File System...
         Starting Flush Journal to Persistent Storage...
[[0;32m  OK  [0m] Mounted FUSE Control File System.
[[0;32m  OK  [0m] Started Create Static Device Nodes in /dev.
[[0;32m  OK  [0m] Started Load/Save Random Seed.
[[0;32m  OK  [0m] Started Apply Kernel Variables.
[[0;32m  OK  [0m] Started udev Coldplug all Devices.
[[0;32m  OK  [0m] Started Flush Journal to Persistent Storage.
         Starting udev Kernel Device Manager...
[[0;32m  OK  [0m] Started udev Kernel Device Manager.
[[0;32m  OK  [0m] Started Dispatch Password Requests to Console Directory Watch.
[[0;32m  OK  [0m] Started Monitoring of LVM2 mirrors,...ng dmeventd or progress polling.
[[0;32m  OK  [0m] Reached target Local File Systems (Pre).
[[0;32m  OK  [0m] Reached target Local File Systems.
         Starting LSB: ebtables ruleset management...
         Starting Initial cloud-init job (pre-networking)...
         Starting LSB: AppArmor initialization...
         Starting Tell Plymouth To Write Out Runtime Data...
         Starting Set console font and keymap...
         Starting Create Volatile Files and Directories...
[[0;32m  OK  [0m] Started Tell Plymouth To Write Out Runtime Data.
[[0;32m  OK  [0m] Started Create Volatile Files and Directories.
[[0;32m  OK  [0m] Found device /dev/ttyS0.
[[0;32m  OK  [0m] Started LSB: ebtables ruleset management.
[[0;32m  OK  [0m] Listening on Load/Save RF Kill Switch Status /dev/rfkill Watch.
         Starting Update UTMP about System Boot/Shutdown...
[[0;32m  OK  [0m] Started Update UTMP about System Boot/Shutdown.
[[0;32m  OK  [0m] Started LSB: AppArmor initialization.
[   10.856779] cloud-init[553]: Cloud-init v. 18.4-0ubuntu1~16.04.2 running 'init-local' at Mon, 14 Jan 2019 19:36:04 +0000. Up 10.52 seconds.
[[0;32m  OK  [0m] Started Initial cloud-init job (pre-networking).
[[0;32m  OK  [0m] Reached target Network (Pre).
[[0;32m  OK  [0m] Started ifup for enp0s8.
[[0;32m  OK  [0m] Started ifup for enp0s3.
         Starting Raise network interfaces...
[[0;32m  OK  [0m] Started Set console font and keymap.
[[0;32m  OK  [0m] Created slice system-getty.slice.
[[0;32m  OK  [0m] Started Raise network interfaces.
[[0;32m  OK  [0m] Reached target Network.
         Starting Initial cloud-init job (metadata service crawler)...
[   11.746646] cloud-init[1067]: Cloud-init v. 18.4-0ubuntu1~16.04.2 running 'init' at Mon, 14 Jan 2019 19:36:05 +0000. Up 11.51 seconds.
[   11.781334] cloud-init[1067]: ci-info: ++++++++++++++++++++++++++++++++++++++Net device info+++++++++++++++++++++++++++++++++++++++
[   11.796594] cloud-init[1067]: ci-info: +--------+------+-----------------------------+---------------+--------+-------------------+
[[0;32m  OK  [0m] Started Initial cloud-init job (metadata service crawler).
[[0;32m  OK  [0m] Reached target Cloud-config availability.
[[0;32m  OK  [0m] Reached target System Initialization.
[[0;32m  OK  [0m] Listening on D-Bus System Message Bus Socket.
[[0;32m  OK  [0m] Listening on ACPID Listen Socket.
[[0;32m  OK  [0m] Started Daily Cleanup of Temporary Directories.
[   11.806418] cloud-init[1067]: ci-info: | Device |  Up  |           Address           |      Mask     | Scope  |     Hw-Address    |
[[0;32m  OK  [0m] Started ACPI Events Check.
[[0;32m  OK  [0m] Reached target Paths.
[   11.920242] cloud-init[1067]: ci-info: +--------+------+-----------------------------+---------------+--------+-------------------+
[   11.965184] cloud-init[1067]: ci-info: | enp0s3 | True |          10.0.2.15          | 255.255.255.0 | global | 02:0d:67:c1:5e:a8 |
         Starting LXD - unix socket.
         Starting Socket activation for snappy daemon.
[   11.978732] cloud-init[1067]: ci-info: | enp0s3 | True |  fe80::d:67ff:fec1:5ea8/64  |       .       |  link  | 02:0d:67:c1:5e:a8 |
[   12.072598] [cloud-init[0;32m  OK  [0m[1067]: ] ci-info: | enp0s8 | True |        192.168.205.11       | 255.255.255.0 | global | 08:00:27:97:d7:44 |Started Daily apt download activities.

[[0;32m  OK  [0m] Started Daily apt upgrade and clean activities.
[   12.115896] [[0;32m  OK  [0m] Reached target Timers.
         Starting Docker Socket for the API.
[[0;32m  OK  [0m] Listening on UUID daemon activation socket.cloud-init[1067]: ci-info: | enp0s8 | True | fe80::a00:27ff:fe97:d744/64 |       .       |  link  | 08:00:27:97:d7:44 |

[[0;32m  OK  [0m] Reached target Network is Online.
[   12.126965] cloud-init[1067]: ci-info: |   lo   | True |          127.0.0.1          |   255.0.0.0   |  host  |         .         |
         Starting iSCSI initiator daemon (iscsid)...
[[0;32m  OK  [0m] Listening on LXD - unix socket.
[[0;32m  OK  [0m] Listening on Socket activation for snappy daemon.
[   12.202687] cloud-init[1067]: ci-info: |   lo   | True |           ::1/128           |       .       |  host  |         .         |
[   12.347216] [[0;32m  OK  [0m] Listening on Docker Socket for the API.
cloud-init[1067]: ci-info: +--------+------+-----------------------------+---------------+--------+-------------------+
[   12.371875] [[0;32m  OK  [0m] Started iSCSI initiator daemon (iscsid).
cloud-init[1067]: ci-info: ++++++++++++++++++++++++++++Route IPv4 info+++++++++++++++++++++++++++++
[   12.384817]          Starting Login to default iSCSI targets...
cloud-init[1067]: ci-info: +-------+---------------+----------+---------------+-----------+-------+
[[0;32m  OK  [0m] Reached target Sockets.
[   12.386862] [[0;32m  OK  [0m] Reached target Basic System.
cloud-init[1067]: ci-info: | Route |  Destination  | Gateway  |    Genmask    | Interface | Flags |
[   12.439504] [[0;32m  OK  [0m] Started ACPI event daemon.
cloud-init[1067]: ci-info: +-------+---------------+----------+---------------+-----------+-------+
         Starting Accounts Service...
         Starting Docker Application Container Engine...
[   12.459680]          Starting Pollinate to seed the pseudo random number generator...
         Starting Login Service...
cloud-init[1067]: ci-info: |   0   |    0.0.0.0    | 10.0.2.2 |    0.0.0.0    |   enp0s3  |   UG  |
[[0;32m  OK  [0m] Started FUSE filesystem for LXC.
[   12.487090] [[0;32m  OK  [0m] Started D-Bus System Message Bus.
cloud-init[1067]: ci-info: |   1   |    10.0.2.0   | 0.0.0.0  | 255.255.255.0 |   enp0s3  |   U   |
[   12.519250] cloud-init[1067]: ci-info: |   2   | 192.168.205.0 | 0.0.0.0  | 255.255.255.0 |   enp0s8  |   U   |
[   12.540151] cloud-init[1067]: ci-info: +-------+---------------+----------+---------------+-----------+-------+
[   12.555126] cloud-init[1067]: ci-info: +++++++++++++++++++Route IPv6 info+++++++++++++++++++[[0;32m  OK  [0m] Started Unattended Upgrades Shutdown.

[   12.565274] cloud-init[1067]: ci-info: +-------+-------------+---------+-----------+-------+
         Starting LSB: Record successful boot for GRUB...
[   12.581902] [[0;32m  OK  [0m] Started Deferred execution scheduler.
         Starting LSB: MD monitoring daemon...
         Starting /etc/rc.local Compatibility...
cloud-init[[0;32m  OK  [0m] Started kubelet: The Kubernetes Node Agent.
[1067]: ci-info: | Route | Destination | Gateway | Interface | Flags |
         Starting System Logging Service...
[   12.640271] cloud-init[1067]: ci-info: +-------+-------------+---------+-----------+-------+
[   12.659558] cloud-init[1067]: ci-info: |   0   |  fe80::/64  |    ::   |   enp0s8  |   U   |[[0;32m  OK  [0m] Started Regular background program processing daemon.

[   12.680512]          Starting Snappy daemon...
cloud-init[1067]: ci-info: |   1   |  fe80::/64  |    ::   |   enp0s3  |   U   |
[   12.686263] cloud-init[1067]: ci-info: |   4   |   ff00::/8  |    ::   |   enp0s8  |   U   |
[   12.686331] cloud-init[1067]: ci-info: |   5   |   ff00::/8  |    ::   |   enp0s3  |   U   |
[   12.686389] cloud-init[1067]: ci-info: +-------+-------------+---------+-----------+-------+
         Starting Virtualbox guest utils...
         Starting LXD - container startup/shutdown...
[[0;32m  OK  [0m] Started System Logging Service.
[[0;32m  OK  [0m] Started /etc/rc.local Compatibility.
[[0;32m  OK  [0m] Started Login to default iSCSI targets.
[[0;32m  OK  [0m] Started LSB: Record successful boot for GRUB.
[[0;32m  OK  [0m] Started LSB: MD monitoring daemon.
[[0;32m  OK  [0m] Started Login Service.
         Starting Authenticate and Authorize Users to Run Privileged Tasks...
[[0;32m  OK  [0m] Reached target Remote File Systems (Pre).
[[0;32m  OK  [0m] Reached target Remote File Systems.
         Starting LSB: Set up cgroupfs mounts....
         Starting LSB: daemon to balance interrupts for SMP systems...
         Starting LSB: automatic crash report generation...
         Starting Permit User Sessions...
         Starting LSB: Set the CPU Frequency Scaling governor to "ondemand"...
[[0;32m  OK  [0m] Started LSB: Set up cgroupfs mounts..
[[0;32m  OK  [0m] Started Permit User Sessions.
[[0;32m  OK  [0m] Started LXD - container startup/shutdown.
[[0;32m  OK  [0m] Started Authenticate and Authorize Users to Run Privileged Tasks.
[[0;32m  OK  [0m] Started Virtualbox guest utils.
         Starting Terminate Plymouth Boot Screen...
         Starting Hold until boot process finishes up...
[[0;32m  OK  [0m] Started LSB: Set the CPU Frequency Scaling governor to "ondemand".
[[0;32m  OK  [0m] Started Terminate Plymouth Boot Screen.
[[0;32m  OK  [0m] Started LSB: daemon to balance interrupts for SMP systems.
[[0;32m  OK  [0m] Started LSB: automatic crash report generation.
[[0;32m  OK  [0m] Started Hold until boot process finishes up.
[[0;32m  OK  [0m] Started Accounts Service.
[[0;32m  OK  [0m] Started Snappy daemon.
         Starting Wait until snapd is fully seeded...
[[0;32m  OK  [0m] Started Getty on tty1.
[[0;32m  OK  [0m] Started Serial Getty on ttyS0.
[[0;32m  OK  [0m] Reached target Login Prompts.
         Starting Set console scheme...
[[0;32m  OK  [0m] Started Set console scheme.
[[0;32m  OK  [0m] Started Wait until snapd is fully seeded.
[[0;32m  OK  [0m] Started Pollinate to seed the pseudo random number generator.
         Starting OpenBSD Secure Shell server...
         Starting Apply the settings specified in cloud-config...
[[0;32m  OK  [0m] Started OpenBSD Secure Shell server.
[[0;32m  OK  [0m] Started Kubernetes systemd probe.
[   14.040733] cloud-init[1372]: Cloud-init v. 18.4-0ubuntu1~16.04.2 running 'modules:config' at Mon, 14 Jan 2019 19:36:08 +0000. Up 13.94 seconds.
[[0;32m  OK  [0m] Started Apply the settings specified in cloud-config.
[[0;32m  OK  [0m] Started Docker Application Container Engine.
[[0;32m  OK  [0m] Reached target Multi-User System.
[[0;32m  OK  [0m] Reached target Graphical Interface.
         Starting Update UTMP about System Runlevel Changes...
         Starting Execute cloud user/final scripts...
[[0;32m  OK  [0m] Started Update UTMP about System Runlevel Changes.
[   16.097802] cloud-init[1603]: Cloud-init v. 18.4-0ubuntu1~16.04.2 running 'modules:final' at Mon, 14 Jan 2019 19:36:10 +0000. Up 15.98 seconds.
[   16.141032] cloud-init[1603]: Cloud-init v. 18.4-0ubuntu1~16.04.2 finished at Mon, 14 Jan 2019 19:36:10 +0000. Datasource DataSourceNoCloud [seed=/dev/sdb][dsmode=net].  Up 16.09 seconds
[[0;32m  OK  [0m] Started Execute cloud user/final scripts.
[[0;32m  OK  [0m] Reached target Cloud-init target.

Ubuntu 16.04.5 LTS k8s-node-1 ttyS0

k8s-node-1 login: 